Total cost of Samsung Galaxy S23 ULTRA is 1000 LYD
Total cost of iPhone 15 Pro is 1100 LYD
Total cost of Samsung Galaxy S23 ULTRA is 1000 LYD
Total cost of iPhone 15 Pro is 1100 LYD
Total cost of Samsung Galaxy S23 ULTRA is 1000 LYD
Total cost of Samsung Galaxy S23 ULTRA is 1000 LYD
Total cost of iPhone 15 Pro is 1100 LYD
Total cost of Samsung Galaxy S23 ULTRA is 1000 LYD
Total cost of iPhone 15 Pro Max is 1100 LYD
Total cost of Samsung Galaxy S23 ULTRA is 1000 LYD
Total cost of iPhone 15 Pro Max is 6800 LYD
Total cost of Samsung Galaxy S23 ULTRA is 0 LYD
Total cost of Samsung Galaxy S23 ULTRA is 0 LYD
Total cost of Samsung Galaxy S23 ULTRA is 0 LYD
Total cost of Samsun Gallexy s23 Ultra is 5100 LYD
Total cost of iPhone 15 Pro Max is 6800 LYD
Total cost of Samsun Gallexy s23 Ultra is 5100 LYD
Total cost of Samsun Gallexy s23 Ultra is 5100 LYD
Total cost of Samsun Gallexy s23 Ultra is 5100 LYD
Total cost of iPhone 15 Pro Max is 6800 LYD
Total cost of Samsun Gallexy s23 Ultra is 5100 LYD
Total cost of Samsun Gallexy s23 Ultra is 5100 LYD
Total cost of iPhone 15 Pro Max is 6800 LYD
Total cost of Samsun Gallexy s23 Ultra is 5100 LYD
Total cost of iPhone 15 Pro Max is 6800 LYD
Total cost of Samsun Gallexy s23 Ultra is 5100 LYD
Total cost of iPhone 14  is 4200 LYD
Total cost of Samusung Galaxy s21 is 7000 LYD
Total cost of Samusung Galaxy s21 is 5000 LYD
Total cost of Samusung Galaxy s21 is 5000 LYD
Total cost of Samusung Galaxy s21 is 5000 LYD
